<?xml version="1.0" encoding="UTF-8"?>
<testsuite name="mx.ebc.AuthorServiceSpec" tests="5" skipped="0" failures="5" errors="0" timestamp="2024-08-13T09:38:13" hostname="REC-LAP-AD-3024" time="0.212">
  <properties/>
  <testcase name="test get" classname="mx.ebc.AuthorServiceSpec" time="0.175">
    <failure message="Condition not satisfied:&#10;&#10;false&#10;&#10;TODO: Provide a setupData() implementation for this generated test suite&#10;" type="org.spockframework.runtime.ConditionNotSatisfiedError">Condition not satisfied:

false

TODO: Provide a setupData() implementation for this generated test suite

	at app//mx.ebc.AuthorServiceSpec.setupData(AuthorServiceSpec.groovy:22)
	at app//mx.ebc.AuthorServiceSpec.$tt__$spock_feature_0_0(AuthorServiceSpec.groovy:27)
	at mx.ebc.AuthorServiceSpec.test get_closure1(AuthorServiceSpec.groovy)
	at app//groovy.lang.Closure.call(Closure.java:412)
	at app//groovy.lang.Closure.call(Closure.java:428)
	at app//grails.gorm.transactions.GrailsTransactionTemplate$1.doInTransaction(GrailsTransactionTemplate.groovy:68)
	at app//org.springframework.transaction.support.TransactionTemplate.execute(TransactionTemplate.java:140)
	at app//grails.gorm.transactions.GrailsTransactionTemplate.executeAndRollback(GrailsTransactionTemplate.groovy:65)
	at mx.ebc.AuthorServiceSpec.test get(AuthorServiceSpec.groovy)
</failure>
  </testcase>
  <testcase name="test list" classname="mx.ebc.AuthorServiceSpec" time="0.007">
    <failure message="Condition not satisfied:&#10;&#10;false&#10;&#10;TODO: Provide a setupData() implementation for this generated test suite&#10;" type="org.spockframework.runtime.ConditionNotSatisfiedError">Condition not satisfied:

false

TODO: Provide a setupData() implementation for this generated test suite

	at app//mx.ebc.AuthorServiceSpec.setupData(AuthorServiceSpec.groovy:22)
	at app//mx.ebc.AuthorServiceSpec.$tt__$spock_feature_0_1(AuthorServiceSpec.groovy:34)
	at mx.ebc.AuthorServiceSpec.test list_closure2(AuthorServiceSpec.groovy)
	at app//groovy.lang.Closure.call(Closure.java:412)
	at app//groovy.lang.Closure.call(Closure.java:428)
	at app//grails.gorm.transactions.GrailsTransactionTemplate$1.doInTransaction(GrailsTransactionTemplate.groovy:68)
	at app//org.springframework.transaction.support.TransactionTemplate.execute(TransactionTemplate.java:140)
	at app//grails.gorm.transactions.GrailsTransactionTemplate.executeAndRollback(GrailsTransactionTemplate.groovy:65)
	at mx.ebc.AuthorServiceSpec.test list(AuthorServiceSpec.groovy)
</failure>
  </testcase>
  <testcase name="test count" classname="mx.ebc.AuthorServiceSpec" time="0.008">
    <failure message="Condition not satisfied:&#10;&#10;false&#10;&#10;TODO: Provide a setupData() implementation for this generated test suite&#10;" type="org.spockframework.runtime.ConditionNotSatisfiedError">Condition not satisfied:

false

TODO: Provide a setupData() implementation for this generated test suite

	at app//mx.ebc.AuthorServiceSpec.setupData(AuthorServiceSpec.groovy:22)
	at app//mx.ebc.AuthorServiceSpec.$tt__$spock_feature_0_2(AuthorServiceSpec.groovy:45)
	at mx.ebc.AuthorServiceSpec.test count_closure3(AuthorServiceSpec.groovy)
	at app//groovy.lang.Closure.call(Closure.java:412)
	at app//groovy.lang.Closure.call(Closure.java:428)
	at app//grails.gorm.transactions.GrailsTransactionTemplate$1.doInTransaction(GrailsTransactionTemplate.groovy:68)
	at app//org.springframework.transaction.support.TransactionTemplate.execute(TransactionTemplate.java:140)
	at app//grails.gorm.transactions.GrailsTransactionTemplate.executeAndRollback(GrailsTransactionTemplate.groovy:65)
	at mx.ebc.AuthorServiceSpec.test count(AuthorServiceSpec.groovy)
</failure>
  </testcase>
  <testcase name="test delete" classname="mx.ebc.AuthorServiceSpec" time="0.007">
    <failure message="Condition not satisfied:&#10;&#10;false&#10;&#10;TODO: Provide a setupData() implementation for this generated test suite&#10;" type="org.spockframework.runtime.ConditionNotSatisfiedError">Condition not satisfied:

false

TODO: Provide a setupData() implementation for this generated test suite

	at app//mx.ebc.AuthorServiceSpec.setupData(AuthorServiceSpec.groovy:22)
	at app//mx.ebc.AuthorServiceSpec.$tt__$spock_feature_0_3(AuthorServiceSpec.groovy:52)
	at mx.ebc.AuthorServiceSpec.test delete_closure4(AuthorServiceSpec.groovy)
	at app//groovy.lang.Closure.call(Closure.java:412)
	at app//groovy.lang.Closure.call(Closure.java:428)
	at app//grails.gorm.transactions.GrailsTransactionTemplate$1.doInTransaction(GrailsTransactionTemplate.groovy:68)
	at app//org.springframework.transaction.support.TransactionTemplate.execute(TransactionTemplate.java:140)
	at app//grails.gorm.transactions.GrailsTransactionTemplate.executeAndRollback(GrailsTransactionTemplate.groovy:65)
	at mx.ebc.AuthorServiceSpec.test delete(AuthorServiceSpec.groovy)
</failure>
  </testcase>
  <testcase name="test save" classname="mx.ebc.AuthorServiceSpec" time="0.006">
    <failure message="Condition not satisfied:&#10;&#10;false&#10;&#10;TODO: Provide a valid instance to save&#10;" type="org.spockframework.runtime.ConditionNotSatisfiedError">Condition not satisfied:

false

TODO: Provide a valid instance to save

	at app//mx.ebc.AuthorServiceSpec.$tt__$spock_feature_0_4(AuthorServiceSpec.groovy:67)
	at mx.ebc.AuthorServiceSpec.test save_closure5(AuthorServiceSpec.groovy)
	at app//groovy.lang.Closure.call(Closure.java:412)
	at app//groovy.lang.Closure.call(Closure.java:428)
	at app//grails.gorm.transactions.GrailsTransactionTemplate$1.doInTransaction(GrailsTransactionTemplate.groovy:68)
	at app//org.springframework.transaction.support.TransactionTemplate.execute(TransactionTemplate.java:140)
	at app//grails.gorm.transactions.GrailsTransactionTemplate.executeAndRollback(GrailsTransactionTemplate.groovy:65)
	at mx.ebc.AuthorServiceSpec.test save(AuthorServiceSpec.groovy)
</failure>
  </testcase>
  <system-out><![CDATA[Grails application running at http://localhost:64121 in environment: test
]]></system-out>
  <system-err><![CDATA[]]></system-err>
</testsuite>
